{"/home/stepan/projects/jquery.control/src/core/class.js": {"path":"/home/stepan/projects/jquery.control/src/core/class.js","statementMap":{"0":{"start":{"line":3,"column":22},"end":{"line":3,"column":24}},"1":{"start":{"line":5,"column":18},"end":{"line":5,"column":34}},"2":{"start":{"line":7,"column":17},"end":{"line":9,"column":1}},"3":{"start":{"line":8,"column":4},"end":{"line":8,"column":51}},"4":{"start":{"line":11,"column":23},"end":{"line":19,"column":1}},"5":{"start":{"line":12,"column":27},"end":{"line":17,"column":11}},"6":{"start":{"line":15,"column":14},"end":{"line":15,"column":29}},"7":{"start":{"line":16,"column":14},"end":{"line":16,"column":22}},"8":{"start":{"line":18,"column":4},"end":{"line":18,"column":31}},"9":{"start":{"line":21,"column":23},"end":{"line":25,"column":1}},"10":{"start":{"line":22,"column":14},"end":{"line":22,"column":20}},"11":{"start":{"line":23,"column":4},"end":{"line":23,"column":27}},"12":{"start":{"line":24,"column":4},"end":{"line":24,"column":41}},"13":{"start":{"line":27,"column":20},"end":{"line":32,"column":1}},"14":{"start":{"line":28,"column":24},"end":{"line":28,"column":54}},"15":{"start":{"line":29,"column":21},"end":{"line":29,"column":38}},"16":{"start":{"line":30,"column":4},"end":{"line":30,"column":58}},"17":{"start":{"line":30,"column":16},"end":{"line":30,"column":58}},"18":{"start":{"line":31,"column":4},"end":{"line":31,"column":19}},"19":{"start":{"line":34,"column":20},"end":{"line":43,"column":1}},"20":{"start":{"line":35,"column":4},"end":{"line":42,"column":5}},"21":{"start":{"line":36,"column":19},"end":{"line":36,"column":30}},"22":{"start":{"line":38,"column":8},"end":{"line":38,"column":34}},"23":{"start":{"line":39,"column":8},"end":{"line":39,"column":46}},"24":{"start":{"line":40,"column":8},"end":{"line":40,"column":26}},"25":{"start":{"line":41,"column":8},"end":{"line":41,"column":21}},"26":{"start":{"line":45,"column":15},"end":{"line":66,"column":1}},"27":{"start":{"line":48,"column":17},"end":{"line":48,"column":33}},"28":{"start":{"line":49,"column":4},"end":{"line":49,"column":26}},"29":{"start":{"line":50,"column":4},"end":{"line":50,"column":24}},"30":{"start":{"line":51,"column":4},"end":{"line":51,"column":27}},"31":{"start":{"line":52,"column":4},"end":{"line":64,"column":5}},"32":{"start":{"line":53,"column":8},"end":{"line":63,"column":9}},"33":{"start":{"line":54,"column":12},"end":{"line":62,"column":13}},"34":{"start":{"line":59,"column":16},"end":{"line":59,"column":71}},"35":{"start":{"line":61,"column":16},"end":{"line":61,"column":44}},"36":{"start":{"line":65,"column":4},"end":{"line":65,"column":16}},"37":{"start":{"line":72,"column":14},"end":{"line":72,"column":28}},"38":{"start":{"line":74,"column":0},"end":{"line":87,"column":1}},"39":{"start":{"line":77,"column":8},"end":{"line":77,"column":55}},"40":{"start":{"line":80,"column":8},"end":{"line":80,"column":50}},"41":{"start":{"line":81,"column":8},"end":{"line":85,"column":20}},"42":{"start":{"line":82,"column":12},"end":{"line":84,"column":13}},"43":{"start":{"line":83,"column":16},"end":{"line":83,"column":76}},"44":{"start":{"line":89,"column":0},"end":{"line":103,"column":1}},"45":{"start":{"line":96,"column":8},"end":{"line":96,"column":75}},"46":{"start":{"line":96,"column":43},"end":{"line":96,"column":75}},"47":{"start":{"line":98,"column":4},"end":{"line":98,"column":44}},"48":{"start":{"line":99,"column":4},"end":{"line":99,"column":37}},"49":{"start":{"line":100,"column":4},"end":{"line":100,"column":39}},"50":{"start":{"line":101,"column":4},"end":{"line":101,"column":25}},"51":{"start":{"line":102,"column":4},"end":{"line":102,"column":16}},"52":{"start":{"line":112,"column":4},"end":{"line":114,"column":5}},"53":{"start":{"line":113,"column":8},"end":{"line":113,"column":34}},"54":{"start":{"line":119,"column":4},"end":{"line":122,"column":5}},"55":{"start":{"line":123,"column":4},"end":{"line":123,"column":30}},"56":{"start":{"line":127,"column":4},"end":{"line":127,"column":62}},"57":{"start":{"line":127,"column":51},"end":{"line":127,"column":62}},"58":{"start":{"line":128,"column":4},"end":{"line":128,"column":40}}},"fnMap":{"0":{"name":"(anonymous_0)","decl":{"start":{"line":7,"column":17},"end":{"line":7,"column":18}},"loc":{"start":{"line":7,"column":25},"end":{"line":9,"column":1}},"line":7},"1":{"name":"(anonymous_1)","decl":{"start":{"line":11,"column":23},"end":{"line":11,"column":24}},"loc":{"start":{"line":11,"column":39},"end":{"line":19,"column":1}},"line":11},"2":{"name":"_setPrototypeOf","decl":{"start":{"line":14,"column":19},"end":{"line":14,"column":34}},"loc":{"start":{"line":14,"column":41},"end":{"line":17,"column":11}},"line":14},"3":{"name":"(anonymous_3)","decl":{"start":{"line":21,"column":23},"end":{"line":21,"column":24}},"loc":{"start":{"line":21,"column":49},"end":{"line":25,"column":1}},"line":21},"4":{"name":"(anonymous_4)","decl":{"start":{"line":27,"column":20},"end":{"line":27,"column":21}},"loc":{"start":{"line":27,"column":54},"end":{"line":32,"column":1}},"line":27},"5":{"name":"(anonymous_5)","decl":{"start":{"line":34,"column":20},"end":{"line":34,"column":21}},"loc":{"start":{"line":34,"column":52},"end":{"line":43,"column":1}},"line":34},"6":{"name":"(anonymous_6)","decl":{"start":{"line":35,"column":11},"end":{"line":35,"column":12}},"loc":{"start":{"line":35,"column":23},"end":{"line":42,"column":5}},"line":35},"7":{"name":"(anonymous_7)","decl":{"start":{"line":45,"column":15},"end":{"line":45,"column":16}},"loc":{"start":{"line":45,"column":43},"end":{"line":66,"column":1}},"line":45},"8":{"name":"(anonymous_8)","decl":{"start":{"line":72,"column":14},"end":{"line":72,"column":15}},"loc":{"start":{"line":72,"column":26},"end":{"line":72,"column":28}},"line":72},"9":{"name":"(anonymous_9)","decl":{"start":{"line":75,"column":4},"end":{"line":75,"column":5}},"loc":{"start":{"line":75,"column":13},"end":{"line":75,"column":15}},"line":75},"10":{"name":"(anonymous_10)","decl":{"start":{"line":76,"column":4},"end":{"line":76,"column":5}},"loc":{"start":{"line":76,"column":15},"end":{"line":78,"column":5}},"line":76},"11":{"name":"(anonymous_11)","decl":{"start":{"line":79,"column":4},"end":{"line":79,"column":5}},"loc":{"start":{"line":79,"column":14},"end":{"line":86,"column":5}},"line":79},"12":{"name":"(anonymous_12)","decl":{"start":{"line":81,"column":16},"end":{"line":81,"column":17}},"loc":{"start":{"line":81,"column":34},"end":{"line":85,"column":9}},"line":81},"13":{"name":"(anonymous_13)","decl":{"start":{"line":82,"column":19},"end":{"line":82,"column":20}},"loc":{"start":{"line":82,"column":31},"end":{"line":84,"column":13}},"line":82},"14":{"name":"extend","decl":{"start":{"line":89,"column":24},"end":{"line":89,"column":30}},"loc":{"start":{"line":89,"column":47},"end":{"line":103,"column":1}},"line":89},"15":{"name":"Class","decl":{"start":{"line":95,"column":13},"end":{"line":95,"column":18}},"loc":{"start":{"line":95,"column":21},"end":{"line":97,"column":5}},"line":95},"16":{"name":"createClass","decl":{"start":{"line":111,"column":9},"end":{"line":111,"column":20}},"loc":{"start":{"line":111,"column":42},"end":{"line":124,"column":1}},"line":111},"17":{"name":"getClass","decl":{"start":{"line":126,"column":9},"end":{"line":126,"column":17}},"loc":{"start":{"line":126,"column":30},"end":{"line":129,"column":1}},"line":126}},"branchMap":{"0":{"loc":{"start":{"line":12,"column":27},"end":{"line":17,"column":11}},"type":"cond-expr","locations":[{"start":{"line":13,"column":10},"end":{"line":13,"column":42}},{"start":{"line":14,"column":10},"end":{"line":17,"column":11}}],"line":12},"1":{"loc":{"start":{"line":30,"column":4},"end":{"line":30,"column":58}},"type":"if","locations":[{"start":{"line":30,"column":4},"end":{"line":30,"column":58}},{"start":{},"end":{}}],"line":30},"2":{"loc":{"start":{"line":53,"column":8},"end":{"line":63,"column":9}},"type":"if","locations":[{"start":{"line":53,"column":8},"end":{"line":63,"column":9}},{"start":{},"end":{}}],"line":53},"3":{"loc":{"start":{"line":54,"column":12},"end":{"line":62,"column":13}},"type":"if","locations":[{"start":{"line":54,"column":12},"end":{"line":62,"column":13}},{"start":{"line":60,"column":19},"end":{"line":62,"column":13}}],"line":54},"4":{"loc":{"start":{"line":55,"column":16},"end":{"line":57,"column":40}},"type":"binary-expr","locations":[{"start":{"line":55,"column":16},"end":{"line":55,"column":40}},{"start":{"line":56,"column":16},"end":{"line":56,"column":42}},{"start":{"line":57,"column":16},"end":{"line":57,"column":40}}],"line":55},"5":{"loc":{"start":{"line":80,"column":13},"end":{"line":80,"column":50}},"type":"cond-expr","locations":[{"start":{"line":80,"column":37},"end":{"line":80,"column":45}},{"start":{"line":80,"column":48},"end":{"line":80,"column":50}}],"line":80},"6":{"loc":{"start":{"line":96,"column":8},"end":{"line":96,"column":75}},"type":"if","locations":[{"start":{"line":96,"column":8},"end":{"line":96,"column":75}},{"start":{},"end":{}}],"line":96},"7":{"loc":{"start":{"line":96,"column":12},"end":{"line":96,"column":41}},"type":"binary-expr","locations":[{"start":{"line":96,"column":12},"end":{"line":96,"column":28}},{"start":{"line":96,"column":32},"end":{"line":96,"column":41}}],"line":96},"8":{"loc":{"start":{"line":112,"column":4},"end":{"line":114,"column":5}},"type":"if","locations":[{"start":{"line":112,"column":4},"end":{"line":114,"column":5}},{"start":{},"end":{}}],"line":112},"9":{"loc":{"start":{"line":119,"column":27},"end":{"line":119,"column":64}},"type":"cond-expr","locations":[{"start":{"line":119,"column":35},"end":{"line":119,"column":56}},{"start":{"line":119,"column":59},"end":{"line":119,"column":64}}],"line":119},"10":{"loc":{"start":{"line":120,"column":8},"end":{"line":120,"column":30}},"type":"cond-expr","locations":[{"start":{"line":120,"column":16},"end":{"line":120,"column":21}},{"start":{"line":120,"column":24},"end":{"line":120,"column":30}}],"line":120},"11":{"loc":{"start":{"line":127,"column":4},"end":{"line":127,"column":62}},"type":"if","locations":[{"start":{"line":127,"column":4},"end":{"line":127,"column":62}},{"start":{},"end":{}}],"line":127}},"s":{"0":3,"1":3,"2":3,"3":1,"4":3,"5":0,"6":0,"7":0,"8":0,"9":3,"10":1,"11":1,"12":1,"13":3,"14":1,"15":1,"16":1,"17":0,"18":1,"19":3,"20":1,"21":0,"22":0,"23":0,"24":0,"25":0,"26":3,"27":5,"28":5,"29":5,"30":5,"31":5,"32":36,"33":36,"34":1,"35":35,"36":5,"37":3,"38":3,"39":0,"40":0,"41":0,"42":0,"43":0,"44":3,"45":6,"46":3,"47":5,"48":5,"49":5,"50":5,"51":5,"52":1,"53":0,"54":1,"55":1,"56":1,"57":0,"58":1},"f":{"0":1,"1":0,"2":0,"3":1,"4":1,"5":1,"6":0,"7":5,"8":3,"9":0,"10":0,"11":0,"12":0,"13":0,"14":5,"15":6,"16":1,"17":1},"b":{"0":[0,0],"1":[0,1],"2":[36,0],"3":[1,35],"4":[36,1,1],"5":[0,0],"6":[3,3],"7":[6,4],"8":[0,1],"9":[0,1],"10":[0,1],"11":[0,1]},"_coverageSchema":"1a1c01bbd47fc00a2c39e90264f33305004495a9","hash":"998f75b3333bdc74f6fb3f74057e80286448e338"}
,"/home/stepan/projects/jquery.control/src/core/control.js": {"path":"/home/stepan/projects/jquery.control/src/core/control.js","statementMap":{"0":{"start":{"line":9,"column":24},"end":{"line":9,"column":26}},"1":{"start":{"line":10,"column":17},"end":{"line":10,"column":19}},"2":{"start":{"line":11,"column":13},"end":{"line":11,"column":22}},"3":{"start":{"line":12,"column":22},"end":{"line":12,"column":38}},"4":{"start":{"line":21,"column":16},"end":{"line":213,"column":2}},"5":{"start":{"line":33,"column":8},"end":{"line":33,"column":59}},"6":{"start":{"line":33,"column":28},"end":{"line":33,"column":59}},"7":{"start":{"line":34,"column":8},"end":{"line":34,"column":59}},"8":{"start":{"line":34,"column":28},"end":{"line":34,"column":59}},"9":{"start":{"line":35,"column":8},"end":{"line":35,"column":16}},"10":{"start":{"line":45,"column":19},"end":{"line":45,"column":39}},"11":{"start":{"line":46,"column":8},"end":{"line":46,"column":42}},"12":{"start":{"line":47,"column":8},"end":{"line":47,"column":52}},"13":{"start":{"line":48,"column":8},"end":{"line":48,"column":19}},"14":{"start":{"line":55,"column":8},"end":{"line":55,"column":27}},"15":{"start":{"line":56,"column":8},"end":{"line":56,"column":33}},"16":{"start":{"line":57,"column":8},"end":{"line":57,"column":28}},"17":{"start":{"line":63,"column":8},"end":{"line":63,"column":27}},"18":{"start":{"line":70,"column":8},"end":{"line":70,"column":38}},"19":{"start":{"line":83,"column":8},"end":{"line":83,"column":46}},"20":{"start":{"line":89,"column":8},"end":{"line":91,"column":9}},"21":{"start":{"line":90,"column":12},"end":{"line":90,"column":32}},"22":{"start":{"line":98,"column":8},"end":{"line":98,"column":27}},"23":{"start":{"line":99,"column":8},"end":{"line":99,"column":45}},"24":{"start":{"line":107,"column":8},"end":{"line":107,"column":56}},"25":{"start":{"line":107,"column":33},"end":{"line":107,"column":56}},"26":{"start":{"line":108,"column":8},"end":{"line":110,"column":9}},"27":{"start":{"line":109,"column":12},"end":{"line":109,"column":52}},"28":{"start":{"line":111,"column":8},"end":{"line":111,"column":37}},"29":{"start":{"line":117,"column":8},"end":{"line":117,"column":63}},"30":{"start":{"line":127,"column":19},"end":{"line":127,"column":54}},"31":{"start":{"line":128,"column":8},"end":{"line":128,"column":45}},"32":{"start":{"line":128,"column":23},"end":{"line":128,"column":45}},"33":{"start":{"line":129,"column":8},"end":{"line":129,"column":33}},"34":{"start":{"line":129,"column":19},"end":{"line":129,"column":33}},"35":{"start":{"line":130,"column":8},"end":{"line":130,"column":17}},"36":{"start":{"line":133,"column":8},"end":{"line":139,"column":9}},"37":{"start":{"line":136,"column":16},"end":{"line":136,"column":47}},"38":{"start":{"line":142,"column":19},"end":{"line":142,"column":42}},"39":{"start":{"line":143,"column":8},"end":{"line":143,"column":29}},"40":{"start":{"line":144,"column":8},"end":{"line":144,"column":42}},"41":{"start":{"line":145,"column":17},"end":{"line":145,"column":49}},"42":{"start":{"line":146,"column":8},"end":{"line":146,"column":38}},"43":{"start":{"line":147,"column":8},"end":{"line":147,"column":19}},"44":{"start":{"line":150,"column":19},"end":{"line":150,"column":42}},"45":{"start":{"line":151,"column":8},"end":{"line":151,"column":27}},"46":{"start":{"line":152,"column":8},"end":{"line":154,"column":9}},"47":{"start":{"line":153,"column":22},"end":{"line":153,"column":54}},"48":{"start":{"line":155,"column":8},"end":{"line":155,"column":42}},"49":{"start":{"line":156,"column":17},"end":{"line":156,"column":49}},"50":{"start":{"line":157,"column":8},"end":{"line":157,"column":39}},"51":{"start":{"line":158,"column":8},"end":{"line":158,"column":19}},"52":{"start":{"line":161,"column":8},"end":{"line":161,"column":27}},"53":{"start":{"line":162,"column":8},"end":{"line":164,"column":16}},"54":{"start":{"line":163,"column":12},"end":{"line":163,"column":42}},"55":{"start":{"line":165,"column":8},"end":{"line":165,"column":28}},"56":{"start":{"line":166,"column":8},"end":{"line":166,"column":19}},"57":{"start":{"line":169,"column":8},"end":{"line":169,"column":37}},"58":{"start":{"line":170,"column":8},"end":{"line":170,"column":19}},"59":{"start":{"line":173,"column":8},"end":{"line":173,"column":38}},"60":{"start":{"line":174,"column":8},"end":{"line":174,"column":19}},"61":{"start":{"line":177,"column":23},"end":{"line":177,"column":55}},"62":{"start":{"line":178,"column":22},"end":{"line":178,"column":40}},"63":{"start":{"line":179,"column":8},"end":{"line":179,"column":72}},"64":{"start":{"line":180,"column":8},"end":{"line":180,"column":20}},"65":{"start":{"line":183,"column":8},"end":{"line":183,"column":45}},"66":{"start":{"line":184,"column":23},"end":{"line":184,"column":78}},"67":{"start":{"line":185,"column":8},"end":{"line":185,"column":63}},"68":{"start":{"line":185,"column":31},"end":{"line":185,"column":63}},"69":{"start":{"line":186,"column":8},"end":{"line":186,"column":59}},"70":{"start":{"line":186,"column":31},"end":{"line":186,"column":59}},"71":{"start":{"line":187,"column":8},"end":{"line":189,"column":9}},"72":{"start":{"line":188,"column":12},"end":{"line":188,"column":56}},"73":{"start":{"line":190,"column":22},"end":{"line":190,"column":52}},"74":{"start":{"line":191,"column":8},"end":{"line":191,"column":35}},"75":{"start":{"line":192,"column":8},"end":{"line":192,"column":45}},"76":{"start":{"line":193,"column":8},"end":{"line":193,"column":19}},"77":{"start":{"line":196,"column":8},"end":{"line":196,"column":42}},"78":{"start":{"line":196,"column":31},"end":{"line":196,"column":42}},"79":{"start":{"line":197,"column":8},"end":{"line":199,"column":10}},"80":{"start":{"line":198,"column":12},"end":{"line":198,"column":31}},"81":{"start":{"line":200,"column":8},"end":{"line":200,"column":31}},"82":{"start":{"line":201,"column":8},"end":{"line":201,"column":31}},"83":{"start":{"line":204,"column":8},"end":{"line":204,"column":18}},"84":{"start":{"line":205,"column":8},"end":{"line":205,"column":24}},"85":{"start":{"line":206,"column":8},"end":{"line":206,"column":30}},"86":{"start":{"line":207,"column":8},"end":{"line":207,"column":29}},"87":{"start":{"line":208,"column":8},"end":{"line":208,"column":33}},"88":{"start":{"line":211,"column":8},"end":{"line":211,"column":71}},"89":{"start":{"line":216,"column":12},"end":{"line":216,"column":52}},"90":{"start":{"line":217,"column":12},"end":{"line":217,"column":52}},"91":{"start":{"line":218,"column":4},"end":{"line":218,"column":36}},"92":{"start":{"line":218,"column":28},"end":{"line":218,"column":36}},"93":{"start":{"line":219,"column":4},"end":{"line":219,"column":37}},"94":{"start":{"line":219,"column":28},"end":{"line":219,"column":37}},"95":{"start":{"line":220,"column":4},"end":{"line":220,"column":12}},"96":{"start":{"line":224,"column":4},"end":{"line":229,"column":6}},"97":{"start":{"line":225,"column":8},"end":{"line":228,"column":9}},"98":{"start":{"line":226,"column":12},"end":{"line":226,"column":29}},"99":{"start":{"line":227,"column":12},"end":{"line":227,"column":37}},"100":{"start":{"line":239,"column":4},"end":{"line":242,"column":5}},"101":{"start":{"line":240,"column":8},"end":{"line":240,"column":69}},"102":{"start":{"line":241,"column":8},"end":{"line":241,"column":36}},"103":{"start":{"line":247,"column":4},"end":{"line":250,"column":5}},"104":{"start":{"line":251,"column":4},"end":{"line":251,"column":32}},"105":{"start":{"line":261,"column":19},"end":{"line":261,"column":46}},"106":{"start":{"line":262,"column":4},"end":{"line":262,"column":59}},"107":{"start":{"line":262,"column":53},"end":{"line":262,"column":59}},"108":{"start":{"line":263,"column":4},"end":{"line":263,"column":53}},"109":{"start":{"line":267,"column":4},"end":{"line":267,"column":19}},"110":{"start":{"line":268,"column":4},"end":{"line":278,"column":10}},"111":{"start":{"line":272,"column":12},"end":{"line":276,"column":18}},"112":{"start":{"line":275,"column":20},"end":{"line":275,"column":43}},"113":{"start":{"line":277,"column":12},"end":{"line":277,"column":38}}},"fnMap":{"0":{"name":"(anonymous_0)","decl":{"start":{"line":32,"column":4},"end":{"line":32,"column":5}},"loc":{"start":{"line":32,"column":24},"end":{"line":36,"column":5}},"line":32},"1":{"name":"(anonymous_1)","decl":{"start":{"line":44,"column":4},"end":{"line":44,"column":5}},"loc":{"start":{"line":44,"column":26},"end":{"line":49,"column":5}},"line":44},"2":{"name":"(anonymous_2)","decl":{"start":{"line":54,"column":4},"end":{"line":54,"column":5}},"loc":{"start":{"line":54,"column":18},"end":{"line":58,"column":5}},"line":54},"3":{"name":"(anonymous_3)","decl":{"start":{"line":62,"column":4},"end":{"line":62,"column":5}},"loc":{"start":{"line":62,"column":19},"end":{"line":64,"column":5}},"line":62},"4":{"name":"(anonymous_4)","decl":{"start":{"line":69,"column":4},"end":{"line":69,"column":5}},"loc":{"start":{"line":69,"column":25},"end":{"line":71,"column":5}},"line":69},"5":{"name":"(anonymous_5)","decl":{"start":{"line":76,"column":4},"end":{"line":76,"column":5}},"loc":{"start":{"line":76,"column":20},"end":{"line":76,"column":22}},"line":76},"6":{"name":"(anonymous_6)","decl":{"start":{"line":82,"column":4},"end":{"line":82,"column":5}},"loc":{"start":{"line":82,"column":17},"end":{"line":84,"column":5}},"line":82},"7":{"name":"(anonymous_7)","decl":{"start":{"line":88,"column":4},"end":{"line":88,"column":5}},"loc":{"start":{"line":88,"column":19},"end":{"line":92,"column":5}},"line":88},"8":{"name":"(anonymous_8)","decl":{"start":{"line":97,"column":4},"end":{"line":97,"column":5}},"loc":{"start":{"line":97,"column":21},"end":{"line":100,"column":5}},"line":97},"9":{"name":"(anonymous_9)","decl":{"start":{"line":106,"column":4},"end":{"line":106,"column":5}},"loc":{"start":{"line":106,"column":14},"end":{"line":112,"column":5}},"line":106},"10":{"name":"(anonymous_10)","decl":{"start":{"line":116,"column":4},"end":{"line":116,"column":5}},"loc":{"start":{"line":116,"column":11},"end":{"line":118,"column":5}},"line":116},"11":{"name":"(anonymous_11)","decl":{"start":{"line":126,"column":4},"end":{"line":126,"column":5}},"loc":{"start":{"line":126,"column":30},"end":{"line":131,"column":5}},"line":126},"12":{"name":"(anonymous_12)","decl":{"start":{"line":132,"column":4},"end":{"line":132,"column":5}},"loc":{"start":{"line":132,"column":22},"end":{"line":140,"column":5}},"line":132},"13":{"name":"(anonymous_13)","decl":{"start":{"line":135,"column":12},"end":{"line":135,"column":13}},"loc":{"start":{"line":135,"column":35},"end":{"line":137,"column":13}},"line":135},"14":{"name":"(anonymous_14)","decl":{"start":{"line":141,"column":4},"end":{"line":141,"column":5}},"loc":{"start":{"line":141,"column":11},"end":{"line":148,"column":5}},"line":141},"15":{"name":"(anonymous_15)","decl":{"start":{"line":149,"column":4},"end":{"line":149,"column":5}},"loc":{"start":{"line":149,"column":13},"end":{"line":159,"column":5}},"line":149},"16":{"name":"(anonymous_16)","decl":{"start":{"line":153,"column":12},"end":{"line":153,"column":13}},"loc":{"start":{"line":153,"column":22},"end":{"line":153,"column":54}},"line":153},"17":{"name":"(anonymous_17)","decl":{"start":{"line":160,"column":4},"end":{"line":160,"column":5}},"loc":{"start":{"line":160,"column":16},"end":{"line":167,"column":5}},"line":160},"18":{"name":"(anonymous_18)","decl":{"start":{"line":162,"column":32},"end":{"line":162,"column":33}},"loc":{"start":{"line":162,"column":49},"end":{"line":164,"column":9}},"line":162},"19":{"name":"(anonymous_19)","decl":{"start":{"line":168,"column":4},"end":{"line":168,"column":5}},"loc":{"start":{"line":168,"column":9},"end":{"line":171,"column":5}},"line":168},"20":{"name":"(anonymous_20)","decl":{"start":{"line":172,"column":4},"end":{"line":172,"column":5}},"loc":{"start":{"line":172,"column":10},"end":{"line":175,"column":5}},"line":172},"21":{"name":"(anonymous_21)","decl":{"start":{"line":176,"column":4},"end":{"line":176,"column":5}},"loc":{"start":{"line":176,"column":18},"end":{"line":181,"column":5}},"line":176},"22":{"name":"(anonymous_22)","decl":{"start":{"line":182,"column":4},"end":{"line":182,"column":5}},"loc":{"start":{"line":182,"column":26},"end":{"line":194,"column":5}},"line":182},"23":{"name":"(anonymous_23)","decl":{"start":{"line":195,"column":4},"end":{"line":195,"column":5}},"loc":{"start":{"line":195,"column":21},"end":{"line":202,"column":5}},"line":195},"24":{"name":"(anonymous_24)","decl":{"start":{"line":197,"column":33},"end":{"line":197,"column":34}},"loc":{"start":{"line":197,"column":44},"end":{"line":199,"column":9}},"line":197},"25":{"name":"(anonymous_25)","decl":{"start":{"line":203,"column":4},"end":{"line":203,"column":5}},"loc":{"start":{"line":203,"column":14},"end":{"line":209,"column":5}},"line":203},"26":{"name":"(anonymous_26)","decl":{"start":{"line":210,"column":4},"end":{"line":210,"column":5}},"loc":{"start":{"line":210,"column":21},"end":{"line":212,"column":5}},"line":210},"27":{"name":"sortControls","decl":{"start":{"line":215,"column":9},"end":{"line":215,"column":21}},"loc":{"start":{"line":215,"column":28},"end":{"line":221,"column":1}},"line":215},"28":{"name":"cleanControls","decl":{"start":{"line":223,"column":9},"end":{"line":223,"column":22}},"loc":{"start":{"line":223,"column":30},"end":{"line":230,"column":1}},"line":223},"29":{"name":"(anonymous_29)","decl":{"start":{"line":224,"column":21},"end":{"line":224,"column":22}},"loc":{"start":{"line":224,"column":47},"end":{"line":229,"column":5}},"line":224},"30":{"name":"createControl","decl":{"start":{"line":238,"column":9},"end":{"line":238,"column":22}},"loc":{"start":{"line":238,"column":44},"end":{"line":252,"column":1}},"line":238},"31":{"name":"initControl","decl":{"start":{"line":260,"column":9},"end":{"line":260,"column":20}},"loc":{"start":{"line":260,"column":27},"end":{"line":264,"column":1}},"line":260},"32":{"name":"initControls","decl":{"start":{"line":266,"column":9},"end":{"line":266,"column":21}},"loc":{"start":{"line":266,"column":31},"end":{"line":279,"column":1}},"line":266},"33":{"name":"(anonymous_33)","decl":{"start":{"line":271,"column":17},"end":{"line":271,"column":18}},"loc":{"start":{"line":271,"column":33},"end":{"line":278,"column":9}},"line":271},"34":{"name":"(anonymous_34)","decl":{"start":{"line":274,"column":25},"end":{"line":274,"column":26}},"loc":{"start":{"line":274,"column":41},"end":{"line":276,"column":17}},"line":274}},"branchMap":{"0":{"loc":{"start":{"line":33,"column":8},"end":{"line":33,"column":59}},"type":"if","locations":[{"start":{"line":33,"column":8},"end":{"line":33,"column":59}},{"start":{},"end":{}}],"line":33},"1":{"loc":{"start":{"line":34,"column":8},"end":{"line":34,"column":59}},"type":"if","locations":[{"start":{"line":34,"column":8},"end":{"line":34,"column":59}},{"start":{},"end":{}}],"line":34},"2":{"loc":{"start":{"line":89,"column":8},"end":{"line":91,"column":9}},"type":"if","locations":[{"start":{"line":89,"column":8},"end":{"line":91,"column":9}},{"start":{},"end":{}}],"line":89},"3":{"loc":{"start":{"line":107,"column":8},"end":{"line":107,"column":56}},"type":"if","locations":[{"start":{"line":107,"column":8},"end":{"line":107,"column":56}},{"start":{},"end":{}}],"line":107},"4":{"loc":{"start":{"line":108,"column":8},"end":{"line":110,"column":9}},"type":"if","locations":[{"start":{"line":108,"column":8},"end":{"line":110,"column":9}},{"start":{},"end":{}}],"line":108},"5":{"loc":{"start":{"line":128,"column":8},"end":{"line":128,"column":45}},"type":"if","locations":[{"start":{"line":128,"column":8},"end":{"line":128,"column":45}},{"start":{},"end":{}}],"line":128},"6":{"loc":{"start":{"line":129,"column":8},"end":{"line":129,"column":33}},"type":"if","locations":[{"start":{"line":129,"column":8},"end":{"line":129,"column":33}},{"start":{},"end":{}}],"line":129},"7":{"loc":{"start":{"line":145,"column":17},"end":{"line":145,"column":49}},"type":"binary-expr","locations":[{"start":{"line":145,"column":17},"end":{"line":145,"column":30}},{"start":{"line":145,"column":34},"end":{"line":145,"column":49}}],"line":145},"8":{"loc":{"start":{"line":156,"column":17},"end":{"line":156,"column":49}},"type":"binary-expr","locations":[{"start":{"line":156,"column":17},"end":{"line":156,"column":30}},{"start":{"line":156,"column":34},"end":{"line":156,"column":49}}],"line":156},"9":{"loc":{"start":{"line":185,"column":8},"end":{"line":185,"column":63}},"type":"if","locations":[{"start":{"line":185,"column":8},"end":{"line":185,"column":63}},{"start":{},"end":{}}],"line":185},"10":{"loc":{"start":{"line":186,"column":8},"end":{"line":186,"column":59}},"type":"if","locations":[{"start":{"line":186,"column":8},"end":{"line":186,"column":59}},{"start":{},"end":{}}],"line":186},"11":{"loc":{"start":{"line":187,"column":8},"end":{"line":189,"column":9}},"type":"if","locations":[{"start":{"line":187,"column":8},"end":{"line":189,"column":9}},{"start":{},"end":{}}],"line":187},"12":{"loc":{"start":{"line":196,"column":8},"end":{"line":196,"column":42}},"type":"if","locations":[{"start":{"line":196,"column":8},"end":{"line":196,"column":42}},{"start":{},"end":{}}],"line":196},"13":{"loc":{"start":{"line":218,"column":4},"end":{"line":218,"column":36}},"type":"if","locations":[{"start":{"line":218,"column":4},"end":{"line":218,"column":36}},{"start":{},"end":{}}],"line":218},"14":{"loc":{"start":{"line":218,"column":8},"end":{"line":218,"column":26}},"type":"binary-expr","locations":[{"start":{"line":218,"column":9},"end":{"line":218,"column":10}},{"start":{"line":218,"column":14},"end":{"line":218,"column":16}},{"start":{"line":218,"column":21},"end":{"line":218,"column":26}}],"line":218},"15":{"loc":{"start":{"line":219,"column":4},"end":{"line":219,"column":37}},"type":"if","locations":[{"start":{"line":219,"column":4},"end":{"line":219,"column":37}},{"start":{},"end":{}}],"line":219},"16":{"loc":{"start":{"line":219,"column":8},"end":{"line":219,"column":26}},"type":"binary-expr","locations":[{"start":{"line":219,"column":9},"end":{"line":219,"column":11}},{"start":{"line":219,"column":15},"end":{"line":219,"column":16}},{"start":{"line":219,"column":21},"end":{"line":219,"column":26}}],"line":219},"17":{"loc":{"start":{"line":225,"column":8},"end":{"line":228,"column":9}},"type":"if","locations":[{"start":{"line":225,"column":8},"end":{"line":228,"column":9}},{"start":{},"end":{}}],"line":225},"18":{"loc":{"start":{"line":225,"column":12},"end":{"line":225,"column":45}},"type":"binary-expr","locations":[{"start":{"line":225,"column":12},"end":{"line":225,"column":36}},{"start":{"line":225,"column":40},"end":{"line":225,"column":45}}],"line":225},"19":{"loc":{"start":{"line":239,"column":4},"end":{"line":242,"column":5}},"type":"if","locations":[{"start":{"line":239,"column":4},"end":{"line":242,"column":5}},{"start":{},"end":{}}],"line":239},"20":{"loc":{"start":{"line":247,"column":29},"end":{"line":247,"column":70}},"type":"cond-expr","locations":[{"start":{"line":247,"column":37},"end":{"line":247,"column":60}},{"start":{"line":247,"column":63},"end":{"line":247,"column":70}}],"line":247},"21":{"loc":{"start":{"line":248,"column":8},"end":{"line":248,"column":30}},"type":"cond-expr","locations":[{"start":{"line":248,"column":16},"end":{"line":248,"column":21}},{"start":{"line":248,"column":24},"end":{"line":248,"column":30}}],"line":248},"22":{"loc":{"start":{"line":262,"column":4},"end":{"line":262,"column":59}},"type":"if","locations":[{"start":{"line":262,"column":4},"end":{"line":262,"column":59}},{"start":{},"end":{}}],"line":262}},"s":{"0":1,"1":1,"2":1,"3":1,"4":1,"5":0,"6":0,"7":0,"8":0,"9":0,"10":0,"11":0,"12":0,"13":0,"14":1,"15":1,"16":1,"17":1,"18":1,"19":0,"20":0,"21":0,"22":0,"23":0,"24":0,"25":0,"26":0,"27":0,"28":0,"29":0,"30":0,"31":0,"32":0,"33":0,"34":0,"35":0,"36":0,"37":0,"38":0,"39":0,"40":0,"41":0,"42":0,"43":0,"44":0,"45":0,"46":0,"47":0,"48":0,"49":0,"50":0,"51":0,"52":0,"53":0,"54":0,"55":0,"56":0,"57":0,"58":0,"59":0,"60":0,"61":0,"62":0,"63":0,"64":0,"65":0,"66":0,"67":0,"68":0,"69":0,"70":0,"71":0,"72":0,"73":0,"74":0,"75":0,"76":0,"77":0,"78":0,"79":0,"80":0,"81":0,"82":0,"83":0,"84":0,"85":0,"86":0,"87":0,"88":0,"89":0,"90":0,"91":0,"92":0,"93":0,"94":0,"95":0,"96":0,"97":0,"98":0,"99":0,"100":1,"101":0,"102":0,"103":1,"104":1,"105":1,"106":1,"107":0,"108":1,"109":0,"110":0,"111":0,"112":0,"113":0},"f":{"0":0,"1":0,"2":1,"3":1,"4":1,"5":1,"6":0,"7":0,"8":0,"9":0,"10":0,"11":0,"12":0,"13":0,"14":0,"15":0,"16":0,"17":0,"18":0,"19":0,"20":0,"21":0,"22":0,"23":0,"24":0,"25":0,"26":0,"27":0,"28":0,"29":0,"30":1,"31":1,"32":0,"33":0,"34":0},"b":{"0":[0,0],"1":[0,0],"2":[0,0],"3":[0,0],"4":[0,0],"5":[0,0],"6":[0,0],"7":[0,0],"8":[0,0],"9":[0,0],"10":[0,0],"11":[0,0],"12":[0,0],"13":[0,0],"14":[0,0,0],"15":[0,0],"16":[0,0,0],"17":[0,0],"18":[0,0],"19":[0,1],"20":[0,1],"21":[0,1],"22":[0,1]},"_coverageSchema":"1a1c01bbd47fc00a2c39e90264f33305004495a9","hash":"f69bdf31d56c74cdddbeb269b170972a58dd10ce"}
,"/home/stepan/projects/jquery.control/src/core/model.js": {"path":"/home/stepan/projects/jquery.control/src/core/model.js","statementMap":{"0":{"start":{"line":14,"column":22},"end":{"line":14,"column":24}},"1":{"start":{"line":19,"column":14},"end":{"line":132,"column":2}},"2":{"start":{"line":22,"column":8},"end":{"line":22,"column":25}},"3":{"start":{"line":25,"column":8},"end":{"line":29,"column":9}},"4":{"start":{"line":26,"column":12},"end":{"line":26,"column":29}},"5":{"start":{"line":28,"column":12},"end":{"line":28,"column":27}},"6":{"start":{"line":32,"column":8},"end":{"line":32,"column":30}},"7":{"start":{"line":33,"column":8},"end":{"line":35,"column":18}},"8":{"start":{"line":38,"column":8},"end":{"line":38,"column":32}},"9":{"start":{"line":41,"column":8},"end":{"line":41,"column":41}},"10":{"start":{"line":44,"column":21},"end":{"line":44,"column":41}},"11":{"start":{"line":45,"column":19},"end":{"line":45,"column":29}},"12":{"start":{"line":46,"column":19},"end":{"line":46,"column":41}},"13":{"start":{"line":47,"column":19},"end":{"line":47,"column":29}},"14":{"start":{"line":49,"column":8},"end":{"line":75,"column":9}},"15":{"start":{"line":49,"column":21},"end":{"line":49,"column":22}},"16":{"start":{"line":50,"column":24},"end":{"line":50,"column":31}},"17":{"start":{"line":51,"column":12},"end":{"line":74,"column":13}},"18":{"start":{"line":52,"column":16},"end":{"line":67,"column":17}},"19":{"start":{"line":53,"column":31},"end":{"line":58,"column":21}},"20":{"start":{"line":59,"column":20},"end":{"line":59,"column":46}},"21":{"start":{"line":60,"column":20},"end":{"line":60,"column":68}},"22":{"start":{"line":62,"column":20},"end":{"line":66,"column":21}},"23":{"start":{"line":63,"column":24},"end":{"line":63,"column":62}},"24":{"start":{"line":65,"column":24},"end":{"line":65,"column":42}},"25":{"start":{"line":69,"column":16},"end":{"line":73,"column":17}},"26":{"start":{"line":70,"column":20},"end":{"line":70,"column":43}},"27":{"start":{"line":72,"column":20},"end":{"line":72,"column":36}},"28":{"start":{"line":76,"column":8},"end":{"line":82,"column":9}},"29":{"start":{"line":77,"column":12},"end":{"line":79,"column":13}},"30":{"start":{"line":78,"column":16},"end":{"line":78,"column":34}},"31":{"start":{"line":81,"column":12},"end":{"line":81,"column":48}},"32":{"start":{"line":83,"column":8},"end":{"line":83,"column":19}},"33":{"start":{"line":86,"column":19},"end":{"line":86,"column":43}},"34":{"start":{"line":87,"column":23},"end":{"line":87,"column":50}},"35":{"start":{"line":88,"column":20},"end":{"line":88,"column":58}},"36":{"start":{"line":89,"column":8},"end":{"line":93,"column":9}},"37":{"start":{"line":96,"column":19},"end":{"line":96,"column":43}},"38":{"start":{"line":97,"column":8},"end":{"line":103,"column":9}},"39":{"start":{"line":100,"column":16},"end":{"line":100,"column":63}},"40":{"start":{"line":106,"column":24},"end":{"line":106,"column":28}},"41":{"start":{"line":107,"column":8},"end":{"line":127,"column":22}},"42":{"start":{"line":108,"column":27},"end":{"line":108,"column":50}},"43":{"start":{"line":109,"column":12},"end":{"line":125,"column":13}},"44":{"start":{"line":110,"column":16},"end":{"line":124,"column":17}},"45":{"start":{"line":111,"column":32},"end":{"line":111,"column":42}},"46":{"start":{"line":112,"column":20},"end":{"line":114,"column":21}},"47":{"start":{"line":113,"column":24},"end":{"line":113,"column":32}},"48":{"start":{"line":115,"column":20},"end":{"line":123,"column":21}},"49":{"start":{"line":116,"column":24},"end":{"line":116,"column":56}},"50":{"start":{"line":118,"column":24},"end":{"line":122,"column":25}},"51":{"start":{"line":119,"column":28},"end":{"line":119,"column":58}},"52":{"start":{"line":121,"column":28},"end":{"line":121,"column":48}},"53":{"start":{"line":126,"column":12},"end":{"line":126,"column":25}},"54":{"start":{"line":130,"column":8},"end":{"line":130,"column":47}},"55":{"start":{"line":140,"column":4},"end":{"line":142,"column":5}},"56":{"start":{"line":141,"column":8},"end":{"line":141,"column":34}},"57":{"start":{"line":147,"column":4},"end":{"line":150,"column":5}},"58":{"start":{"line":151,"column":4},"end":{"line":151,"column":30}},"59":{"start":{"line":160,"column":4},"end":{"line":160,"column":57}},"60":{"start":{"line":160,"column":51},"end":{"line":160,"column":57}},"61":{"start":{"line":161,"column":4},"end":{"line":161,"column":40}}},"fnMap":{"0":{"name":"(anonymous_0)","decl":{"start":{"line":21,"column":4},"end":{"line":21,"column":5}},"loc":{"start":{"line":21,"column":15},"end":{"line":23,"column":5}},"line":21},"1":{"name":"(anonymous_1)","decl":{"start":{"line":24,"column":4},"end":{"line":24,"column":5}},"loc":{"start":{"line":24,"column":17},"end":{"line":30,"column":5}},"line":24},"2":{"name":"(anonymous_2)","decl":{"start":{"line":31,"column":4},"end":{"line":31,"column":5}},"loc":{"start":{"line":31,"column":24},"end":{"line":36,"column":5}},"line":31},"3":{"name":"(anonymous_3)","decl":{"start":{"line":37,"column":4},"end":{"line":37,"column":5}},"loc":{"start":{"line":37,"column":12},"end":{"line":39,"column":5}},"line":37},"4":{"name":"(anonymous_4)","decl":{"start":{"line":40,"column":4},"end":{"line":40,"column":5}},"loc":{"start":{"line":40,"column":14},"end":{"line":42,"column":5}},"line":40},"5":{"name":"(anonymous_5)","decl":{"start":{"line":43,"column":4},"end":{"line":43,"column":5}},"loc":{"start":{"line":43,"column":21},"end":{"line":84,"column":5}},"line":43},"6":{"name":"(anonymous_6)","decl":{"start":{"line":85,"column":4},"end":{"line":85,"column":5}},"loc":{"start":{"line":85,"column":19},"end":{"line":94,"column":5}},"line":85},"7":{"name":"(anonymous_7)","decl":{"start":{"line":95,"column":4},"end":{"line":95,"column":5}},"loc":{"start":{"line":95,"column":11},"end":{"line":104,"column":5}},"line":95},"8":{"name":"(anonymous_8)","decl":{"start":{"line":99,"column":12},"end":{"line":99,"column":13}},"loc":{"start":{"line":99,"column":34},"end":{"line":101,"column":13}},"line":99},"9":{"name":"(anonymous_9)","decl":{"start":{"line":105,"column":4},"end":{"line":105,"column":5}},"loc":{"start":{"line":105,"column":16},"end":{"line":128,"column":5}},"line":105},"10":{"name":"callback","decl":{"start":{"line":107,"column":25},"end":{"line":107,"column":33}},"loc":{"start":{"line":107,"column":40},"end":{"line":127,"column":9}},"line":107},"11":{"name":"(anonymous_11)","decl":{"start":{"line":129,"column":15},"end":{"line":129,"column":16}},"loc":{"start":{"line":129,"column":27},"end":{"line":131,"column":5}},"line":129},"12":{"name":"createModel","decl":{"start":{"line":139,"column":9},"end":{"line":139,"column":20}},"loc":{"start":{"line":139,"column":42},"end":{"line":152,"column":1}},"line":139},"13":{"name":"getModel","decl":{"start":{"line":159,"column":9},"end":{"line":159,"column":17}},"loc":{"start":{"line":159,"column":30},"end":{"line":162,"column":1}},"line":159}},"branchMap":{"0":{"loc":{"start":{"line":25,"column":8},"end":{"line":29,"column":9}},"type":"if","locations":[{"start":{"line":25,"column":8},"end":{"line":29,"column":9}},{"start":{"line":27,"column":15},"end":{"line":29,"column":9}}],"line":25},"1":{"loc":{"start":{"line":33,"column":15},"end":{"line":35,"column":18}},"type":"cond-expr","locations":[{"start":{"line":34,"column":14},"end":{"line":34,"column":22}},{"start":{"line":35,"column":14},"end":{"line":35,"column":18}}],"line":33},"2":{"loc":{"start":{"line":33,"column":15},"end":{"line":33,"column":65}},"type":"binary-expr","locations":[{"start":{"line":33,"column":15},"end":{"line":33,"column":33}},{"start":{"line":33,"column":37},"end":{"line":33,"column":50}},{"start":{"line":33,"column":54},"end":{"line":33,"column":65}}],"line":33},"3":{"loc":{"start":{"line":46,"column":20},"end":{"line":46,"column":29}},"type":"binary-expr","locations":[{"start":{"line":46,"column":20},"end":{"line":46,"column":23}},{"start":{"line":46,"column":27},"end":{"line":46,"column":29}}],"line":46},"4":{"loc":{"start":{"line":51,"column":12},"end":{"line":74,"column":13}},"type":"if","locations":[{"start":{"line":51,"column":12},"end":{"line":74,"column":13}},{"start":{"line":68,"column":19},"end":{"line":74,"column":13}}],"line":51},"5":{"loc":{"start":{"line":51,"column":16},"end":{"line":51,"column":50}},"type":"binary-expr","locations":[{"start":{"line":51,"column":16},"end":{"line":51,"column":20}},{"start":{"line":51,"column":24},"end":{"line":51,"column":50}}],"line":51},"6":{"loc":{"start":{"line":52,"column":16},"end":{"line":67,"column":17}},"type":"if","locations":[{"start":{"line":52,"column":16},"end":{"line":67,"column":17}},{"start":{"line":61,"column":23},"end":{"line":67,"column":17}}],"line":52},"7":{"loc":{"start":{"line":52,"column":20},"end":{"line":52,"column":63}},"type":"binary-expr","locations":[{"start":{"line":52,"column":20},"end":{"line":52,"column":31}},{"start":{"line":52,"column":35},"end":{"line":52,"column":63}}],"line":52},"8":{"loc":{"start":{"line":59,"column":20},"end":{"line":59,"column":46}},"type":"binary-expr","locations":[{"start":{"line":59,"column":20},"end":{"line":59,"column":26}},{"start":{"line":59,"column":30},"end":{"line":59,"column":46}}],"line":59},"9":{"loc":{"start":{"line":62,"column":20},"end":{"line":66,"column":21}},"type":"if","locations":[{"start":{"line":62,"column":20},"end":{"line":66,"column":21}},{"start":{"line":64,"column":27},"end":{"line":66,"column":21}}],"line":62},"10":{"loc":{"start":{"line":63,"column":45},"end":{"line":63,"column":62}},"type":"binary-expr","locations":[{"start":{"line":63,"column":45},"end":{"line":63,"column":56}},{"start":{"line":63,"column":60},"end":{"line":63,"column":62}}],"line":63},"11":{"loc":{"start":{"line":69,"column":16},"end":{"line":73,"column":17}},"type":"if","locations":[{"start":{"line":69,"column":16},"end":{"line":73,"column":17}},{"start":{"line":71,"column":23},"end":{"line":73,"column":17}}],"line":69},"12":{"loc":{"start":{"line":76,"column":8},"end":{"line":82,"column":9}},"type":"if","locations":[{"start":{"line":76,"column":8},"end":{"line":82,"column":9}},{"start":{"line":80,"column":15},"end":{"line":82,"column":9}}],"line":76},"13":{"loc":{"start":{"line":77,"column":12},"end":{"line":79,"column":13}},"type":"if","locations":[{"start":{"line":77,"column":12},"end":{"line":79,"column":13}},{"start":{},"end":{}}],"line":77},"14":{"loc":{"start":{"line":81,"column":19},"end":{"line":81,"column":48}},"type":"cond-expr","locations":[{"start":{"line":81,"column":26},"end":{"line":81,"column":36}},{"start":{"line":81,"column":39},"end":{"line":81,"column":48}}],"line":81},"15":{"loc":{"start":{"line":86,"column":19},"end":{"line":86,"column":43}},"type":"cond-expr","locations":[{"start":{"line":86,"column":29},"end":{"line":86,"column":36}},{"start":{"line":86,"column":39},"end":{"line":86,"column":43}}],"line":86},"16":{"loc":{"start":{"line":87,"column":23},"end":{"line":87,"column":50}},"type":"cond-expr","locations":[{"start":{"line":87,"column":33},"end":{"line":87,"column":40}},{"start":{"line":87,"column":43},"end":{"line":87,"column":50}}],"line":87},"17":{"loc":{"start":{"line":88,"column":20},"end":{"line":88,"column":58}},"type":"cond-expr","locations":[{"start":{"line":88,"column":27},"end":{"line":88,"column":45}},{"start":{"line":88,"column":48},"end":{"line":88,"column":58}}],"line":88},"18":{"loc":{"start":{"line":108,"column":27},"end":{"line":108,"column":50}},"type":"cond-expr","locations":[{"start":{"line":108,"column":43},"end":{"line":108,"column":45}},{"start":{"line":108,"column":48},"end":{"line":108,"column":50}}],"line":108},"19":{"loc":{"start":{"line":110,"column":16},"end":{"line":124,"column":17}},"type":"if","locations":[{"start":{"line":110,"column":16},"end":{"line":124,"column":17}},{"start":{},"end":{}}],"line":110},"20":{"loc":{"start":{"line":112,"column":20},"end":{"line":114,"column":21}},"type":"if","locations":[{"start":{"line":112,"column":20},"end":{"line":114,"column":21}},{"start":{},"end":{}}],"line":112},"21":{"loc":{"start":{"line":115,"column":20},"end":{"line":123,"column":21}},"type":"if","locations":[{"start":{"line":115,"column":20},"end":{"line":123,"column":21}},{"start":{"line":117,"column":27},"end":{"line":123,"column":21}}],"line":115},"22":{"loc":{"start":{"line":115,"column":24},"end":{"line":115,"column":60}},"type":"binary-expr","locations":[{"start":{"line":115,"column":24},"end":{"line":115,"column":29}},{"start":{"line":115,"column":33},"end":{"line":115,"column":60}}],"line":115},"23":{"loc":{"start":{"line":118,"column":24},"end":{"line":122,"column":25}},"type":"if","locations":[{"start":{"line":118,"column":24},"end":{"line":122,"column":25}},{"start":{"line":120,"column":31},"end":{"line":122,"column":25}}],"line":118},"24":{"loc":{"start":{"line":118,"column":28},"end":{"line":118,"column":66}},"type":"binary-expr","locations":[{"start":{"line":118,"column":28},"end":{"line":118,"column":42}},{"start":{"line":118,"column":46},"end":{"line":118,"column":66}}],"line":118},"25":{"loc":{"start":{"line":140,"column":4},"end":{"line":142,"column":5}},"type":"if","locations":[{"start":{"line":140,"column":4},"end":{"line":142,"column":5}},{"start":{},"end":{}}],"line":140},"26":{"loc":{"start":{"line":147,"column":27},"end":{"line":147,"column":64}},"type":"cond-expr","locations":[{"start":{"line":147,"column":35},"end":{"line":147,"column":56}},{"start":{"line":147,"column":59},"end":{"line":147,"column":64}}],"line":147},"27":{"loc":{"start":{"line":148,"column":8},"end":{"line":148,"column":30}},"type":"cond-expr","locations":[{"start":{"line":148,"column":16},"end":{"line":148,"column":21}},{"start":{"line":148,"column":24},"end":{"line":148,"column":30}}],"line":148},"28":{"loc":{"start":{"line":160,"column":4},"end":{"line":160,"column":57}},"type":"if","locations":[{"start":{"line":160,"column":4},"end":{"line":160,"column":57}},{"start":{},"end":{}}],"line":160}},"s":{"0":1,"1":1,"2":2,"3":2,"4":2,"5":0,"6":0,"7":0,"8":0,"9":0,"10":7,"11":7,"12":7,"13":7,"14":7,"15":7,"16":5,"17":5,"18":5,"19":0,"20":0,"21":0,"22":5,"23":4,"24":1,"25":0,"26":0,"27":0,"28":7,"29":3,"30":3,"31":4,"32":2,"33":0,"34":0,"35":0,"36":0,"37":0,"38":0,"39":0,"40":0,"41":0,"42":0,"43":0,"44":0,"45":0,"46":0,"47":0,"48":0,"49":0,"50":0,"51":0,"52":0,"53":0,"54":0,"55":1,"56":0,"57":1,"58":1,"59":2,"60":0,"61":2},"f":{"0":2,"1":2,"2":0,"3":0,"4":0,"5":7,"6":0,"7":0,"8":0,"9":0,"10":0,"11":0,"12":1,"13":2},"b":{"0":[2,0],"1":[0,0],"2":[0,0,0],"3":[7,0],"4":[5,0],"5":[5,5],"6":[0,5],"7":[5,2],"8":[0,0],"9":[4,1],"10":[4,2],"11":[0,0],"12":[3,4],"13":[3,0],"14":[3,1],"15":[0,0],"16":[0,0],"17":[0,0],"18":[0,0],"19":[0,0],"20":[0,0],"21":[0,0],"22":[0,0],"23":[0,0],"24":[0,0],"25":[0,1],"26":[0,1],"27":[0,1],"28":[0,2]},"_coverageSchema":"1a1c01bbd47fc00a2c39e90264f33305004495a9","hash":"6c18bc11650413ca49affa20024db8810846ee92"}
}
