TN:
SF:src/core/class.js
FN:7,(anonymous_0)
FN:11,(anonymous_1)
FN:14,_setPrototypeOf
FN:21,(anonymous_3)
FN:27,(anonymous_4)
FN:34,(anonymous_5)
FN:35,(anonymous_6)
FN:45,(anonymous_7)
FN:72,(anonymous_8)
FN:75,(anonymous_9)
FN:76,(anonymous_10)
FN:79,(anonymous_11)
FN:81,(anonymous_12)
FN:82,(anonymous_13)
FN:89,extend
FN:95,Class
FN:111,createClass
FN:126,getClass
FNF:18
FNH:10
FNDA:1,(anonymous_0)
FNDA:0,(anonymous_1)
FNDA:0,_setPrototypeOf
FNDA:1,(anonymous_3)
FNDA:1,(anonymous_4)
FNDA:1,(anonymous_5)
FNDA:0,(anonymous_6)
FNDA:5,(anonymous_7)
FNDA:3,(anonymous_8)
FNDA:0,(anonymous_9)
FNDA:0,(anonymous_10)
FNDA:0,(anonymous_11)
FNDA:0,(anonymous_12)
FNDA:0,(anonymous_13)
FNDA:5,extend
FNDA:6,Class
FNDA:1,createClass
FNDA:1,getClass
DA:3,3
DA:5,3
DA:7,3
DA:8,1
DA:11,3
DA:12,0
DA:15,0
DA:16,0
DA:18,0
DA:21,3
DA:22,1
DA:23,1
DA:24,1
DA:27,3
DA:28,1
DA:29,1
DA:30,1
DA:31,1
DA:34,3
DA:35,1
DA:36,0
DA:38,0
DA:39,0
DA:40,0
DA:41,0
DA:45,3
DA:48,5
DA:49,5
DA:50,5
DA:51,5
DA:52,5
DA:53,36
DA:54,36
DA:59,1
DA:61,35
DA:65,5
DA:72,3
DA:74,3
DA:77,0
DA:80,0
DA:81,0
DA:82,0
DA:83,0
DA:89,3
DA:96,6
DA:98,5
DA:99,5
DA:100,5
DA:101,5
DA:102,5
DA:112,1
DA:113,0
DA:119,1
DA:123,1
DA:127,1
DA:128,1
LF:56
LH:41
BRDA:12,0,0,0
BRDA:12,0,1,0
BRDA:30,1,0,0
BRDA:30,1,1,1
BRDA:53,2,0,36
BRDA:53,2,1,0
BRDA:54,3,0,1
BRDA:54,3,1,35
BRDA:55,4,0,36
BRDA:55,4,1,1
BRDA:55,4,2,1
BRDA:80,5,0,0
BRDA:80,5,1,0
BRDA:96,6,0,3
BRDA:96,6,1,3
BRDA:96,7,0,6
BRDA:96,7,1,4
BRDA:112,8,0,0
BRDA:112,8,1,1
BRDA:119,9,0,0
BRDA:119,9,1,1
BRDA:120,10,0,0
BRDA:120,10,1,1
BRDA:127,11,0,0
BRDA:127,11,1,1
BRF:25
BRH:15
end_of_record
TN:
SF:src/core/control.js
FN:32,(anonymous_0)
FN:44,(anonymous_1)
FN:54,(anonymous_2)
FN:62,(anonymous_3)
FN:69,(anonymous_4)
FN:76,(anonymous_5)
FN:82,(anonymous_6)
FN:88,(anonymous_7)
FN:97,(anonymous_8)
FN:106,(anonymous_9)
FN:116,(anonymous_10)
FN:126,(anonymous_11)
FN:132,(anonymous_12)
FN:135,(anonymous_13)
FN:141,(anonymous_14)
FN:149,(anonymous_15)
FN:153,(anonymous_16)
FN:160,(anonymous_17)
FN:162,(anonymous_18)
FN:168,(anonymous_19)
FN:172,(anonymous_20)
FN:176,(anonymous_21)
FN:182,(anonymous_22)
FN:195,(anonymous_23)
FN:197,(anonymous_24)
FN:203,(anonymous_25)
FN:210,(anonymous_26)
FN:215,sortControls
FN:223,cleanControls
FN:224,(anonymous_29)
FN:238,createControl
FN:260,initControl
FN:266,initControls
FN:271,(anonymous_33)
FN:274,(anonymous_34)
FNF:35
FNH:6
FNDA:0,(anonymous_0)
FNDA:0,(anonymous_1)
FNDA:1,(anonymous_2)
FNDA:1,(anonymous_3)
FNDA:1,(anonymous_4)
FNDA:1,(anonymous_5)
FNDA:0,(anonymous_6)
FNDA:0,(anonymous_7)
FNDA:0,(anonymous_8)
FNDA:0,(anonymous_9)
FNDA:0,(anonymous_10)
FNDA:0,(anonymous_11)
FNDA:0,(anonymous_12)
FNDA:0,(anonymous_13)
FNDA:0,(anonymous_14)
FNDA:0,(anonymous_15)
FNDA:0,(anonymous_16)
FNDA:0,(anonymous_17)
FNDA:0,(anonymous_18)
FNDA:0,(anonymous_19)
FNDA:0,(anonymous_20)
FNDA:0,(anonymous_21)
FNDA:0,(anonymous_22)
FNDA:0,(anonymous_23)
FNDA:0,(anonymous_24)
FNDA:0,(anonymous_25)
FNDA:0,(anonymous_26)
FNDA:0,sortControls
FNDA:0,cleanControls
FNDA:0,(anonymous_29)
FNDA:1,createControl
FNDA:1,initControl
FNDA:0,initControls
FNDA:0,(anonymous_33)
FNDA:0,(anonymous_34)
DA:9,1
DA:10,1
DA:11,1
DA:12,1
DA:21,1
DA:33,0
DA:34,0
DA:35,0
DA:45,0
DA:46,0
DA:47,0
DA:48,0
DA:55,1
DA:56,1
DA:57,1
DA:63,1
DA:70,1
DA:83,0
DA:89,0
DA:90,0
DA:98,0
DA:99,0
DA:107,0
DA:108,0
DA:109,0
DA:111,0
DA:117,0
DA:127,0
DA:128,0
DA:129,0
DA:130,0
DA:133,0
DA:136,0
DA:142,0
DA:143,0
DA:144,0
DA:145,0
DA:146,0
DA:147,0
DA:150,0
DA:151,0
DA:152,0
DA:153,0
DA:155,0
DA:156,0
DA:157,0
DA:158,0
DA:161,0
DA:162,0
DA:163,0
DA:165,0
DA:166,0
DA:169,0
DA:170,0
DA:173,0
DA:174,0
DA:177,0
DA:178,0
DA:179,0
DA:180,0
DA:183,0
DA:184,0
DA:185,0
DA:186,0
DA:187,0
DA:188,0
DA:190,0
DA:191,0
DA:192,0
DA:193,0
DA:196,0
DA:197,0
DA:198,0
DA:200,0
DA:201,0
DA:204,0
DA:205,0
DA:206,0
DA:207,0
DA:208,0
DA:211,0
DA:216,0
DA:217,0
DA:218,0
DA:219,0
DA:220,0
DA:224,0
DA:225,0
DA:226,0
DA:227,0
DA:239,1
DA:240,0
DA:241,0
DA:247,1
DA:251,1
DA:261,1
DA:262,1
DA:263,1
DA:267,0
DA:268,0
DA:272,0
DA:275,0
DA:277,0
LF:103
LH:16
BRDA:33,0,0,0
BRDA:33,0,1,0
BRDA:34,1,0,0
BRDA:34,1,1,0
BRDA:89,2,0,0
BRDA:89,2,1,0
BRDA:107,3,0,0
BRDA:107,3,1,0
BRDA:108,4,0,0
BRDA:108,4,1,0
BRDA:128,5,0,0
BRDA:128,5,1,0
BRDA:129,6,0,0
BRDA:129,6,1,0
BRDA:145,7,0,0
BRDA:145,7,1,0
BRDA:156,8,0,0
BRDA:156,8,1,0
BRDA:185,9,0,0
BRDA:185,9,1,0
BRDA:186,10,0,0
BRDA:186,10,1,0
BRDA:187,11,0,0
BRDA:187,11,1,0
BRDA:196,12,0,0
BRDA:196,12,1,0
BRDA:218,13,0,0
BRDA:218,13,1,0
BRDA:218,14,0,0
BRDA:218,14,1,0
BRDA:218,14,2,0
BRDA:219,15,0,0
BRDA:219,15,1,0
BRDA:219,16,0,0
BRDA:219,16,1,0
BRDA:219,16,2,0
BRDA:225,17,0,0
BRDA:225,17,1,0
BRDA:225,18,0,0
BRDA:225,18,1,0
BRDA:239,19,0,0
BRDA:239,19,1,1
BRDA:247,20,0,0
BRDA:247,20,1,1
BRDA:248,21,0,0
BRDA:248,21,1,1
BRDA:262,22,0,0
BRDA:262,22,1,1
BRF:48
BRH:4
end_of_record
TN:
SF:src/core/model.js
FN:21,(anonymous_0)
FN:24,(anonymous_1)
FN:31,(anonymous_2)
FN:37,(anonymous_3)
FN:40,(anonymous_4)
FN:43,(anonymous_5)
FN:85,(anonymous_6)
FN:95,(anonymous_7)
FN:99,(anonymous_8)
FN:105,(anonymous_9)
FN:107,callback
FN:129,(anonymous_11)
FN:139,createModel
FN:159,getModel
FNF:14
FNH:5
FNDA:2,(anonymous_0)
FNDA:2,(anonymous_1)
FNDA:0,(anonymous_2)
FNDA:0,(anonymous_3)
FNDA:0,(anonymous_4)
FNDA:7,(anonymous_5)
FNDA:0,(anonymous_6)
FNDA:0,(anonymous_7)
FNDA:0,(anonymous_8)
FNDA:0,(anonymous_9)
FNDA:0,callback
FNDA:0,(anonymous_11)
FNDA:1,createModel
FNDA:2,getModel
DA:14,1
DA:19,1
DA:22,2
DA:25,2
DA:26,2
DA:28,0
DA:32,0
DA:33,0
DA:38,0
DA:41,0
DA:44,7
DA:45,7
DA:46,7
DA:47,7
DA:49,7
DA:50,5
DA:51,5
DA:52,5
DA:53,0
DA:59,0
DA:60,0
DA:62,5
DA:63,4
DA:65,1
DA:69,0
DA:70,0
DA:72,0
DA:76,7
DA:77,3
DA:78,3
DA:81,4
DA:83,2
DA:86,0
DA:87,0
DA:88,0
DA:89,0
DA:96,0
DA:97,0
DA:100,0
DA:106,0
DA:107,0
DA:108,0
DA:109,0
DA:110,0
DA:111,0
DA:112,0
DA:113,0
DA:115,0
DA:116,0
DA:118,0
DA:119,0
DA:121,0
DA:126,0
DA:130,0
DA:140,1
DA:141,0
DA:147,1
DA:151,1
DA:160,2
DA:161,2
LF:60
LH:26
BRDA:25,0,0,2
BRDA:25,0,1,0
BRDA:33,1,0,0
BRDA:33,1,1,0
BRDA:33,2,0,0
BRDA:33,2,1,0
BRDA:33,2,2,0
BRDA:46,3,0,7
BRDA:46,3,1,0
BRDA:51,4,0,5
BRDA:51,4,1,0
BRDA:51,5,0,5
BRDA:51,5,1,5
BRDA:52,6,0,0
BRDA:52,6,1,5
BRDA:52,7,0,5
BRDA:52,7,1,2
BRDA:59,8,0,0
BRDA:59,8,1,0
BRDA:62,9,0,4
BRDA:62,9,1,1
BRDA:63,10,0,4
BRDA:63,10,1,2
BRDA:69,11,0,0
BRDA:69,11,1,0
BRDA:76,12,0,3
BRDA:76,12,1,4
BRDA:77,13,0,3
BRDA:77,13,1,0
BRDA:81,14,0,3
BRDA:81,14,1,1
BRDA:86,15,0,0
BRDA:86,15,1,0
BRDA:87,16,0,0
BRDA:87,16,1,0
BRDA:88,17,0,0
BRDA:88,17,1,0
BRDA:108,18,0,0
BRDA:108,18,1,0
BRDA:110,19,0,0
BRDA:110,19,1,0
BRDA:112,20,0,0
BRDA:112,20,1,0
BRDA:115,21,0,0
BRDA:115,21,1,0
BRDA:115,22,0,0
BRDA:115,22,1,0
BRDA:118,23,0,0
BRDA:118,23,1,0
BRDA:118,24,0,0
BRDA:118,24,1,0
BRDA:140,25,0,0
BRDA:140,25,1,1
BRDA:147,26,0,0
BRDA:147,26,1,1
BRDA:148,27,0,0
BRDA:148,27,1,1
BRDA:160,28,0,0
BRDA:160,28,1,2
BRF:59
BRH:21
end_of_record
